{"/Users/gio/projects/jeanethS/Carousel-studio/src/index.tsx": {"path":"/Users/gio/projects/jeanethS/Carousel-studio/src/index.tsx","statementMap":{"0":{"start":{"line":54,"column":0},"end":{"line":54,"column":7}},"1":{"start":{"line":92,"column":0},"end":{"line":92,"column":7}},"2":{"start":{"line":1,"column":0},"end":{"line":1,"column":41}},"3":{"start":{"line":2,"column":0},"end":{"line":2,"column":25}},"4":{"start":{"line":3,"column":0},"end":{"line":3,"column":29}},"5":{"start":{"line":4,"column":0},"end":{"line":4,"column":33}},"6":{"start":{"line":5,"column":0},"end":{"line":5,"column":24}},"7":{"start":{"line":6,"column":0},"end":{"line":6,"column":57}},"8":{"start":{"line":7,"column":0},"end":{"line":7,"column":54}},"9":{"start":{"line":8,"column":0},"end":{"line":8,"column":51}},"10":{"start":{"line":9,"column":0},"end":{"line":9,"column":61}},"11":{"start":{"line":11,"column":0},"end":{"line":11,"column":103}},"12":{"start":{"line":20,"column":2},"end":{"line":26,"column":6}},"13":{"start":{"line":33,"column":15},"end":{"line":33,"column":42}},"14":{"start":{"line":35,"column":2},"end":{"line":35,"column":25}},"15":{"start":{"line":36,"column":2},"end":{"line":42,"column":3}},"16":{"start":{"line":37,"column":4},"end":{"line":37,"column":46}},"17":{"start":{"line":38,"column":4},"end":{"line":38,"column":32}},"18":{"start":{"line":39,"column":4},"end":{"line":39,"column":38}},"19":{"start":{"line":40,"column":4},"end":{"line":40,"column":39}},"20":{"start":{"line":41,"column":4},"end":{"line":41,"column":39}},"21":{"start":{"line":43,"column":2},"end":{"line":43,"column":56}},"22":{"start":{"line":58,"column":2},"end":{"line":80,"column":5}},"23":{"start":{"line":59,"column":4},"end":{"line":79,"column":6}},"24":{"start":{"line":63,"column":8},"end":{"line":66,"column":9}},"25":{"start":{"line":64,"column":10},"end":{"line":64,"column":24}},"26":{"start":{"line":65,"column":10},"end":{"line":65,"column":17}},"27":{"start":{"line":69,"column":8},"end":{"line":74,"column":9}},"28":{"start":{"line":70,"column":10},"end":{"line":70,"column":38}},"29":{"start":{"line":72,"column":10},"end":{"line":72,"column":79}},"30":{"start":{"line":73,"column":10},"end":{"line":73,"column":17}},"31":{"start":{"line":77,"column":8},"end":{"line":77,"column":35}},"32":{"start":{"line":94,"column":17},"end":{"line":94,"column":48}},"33":{"start":{"line":96,"column":20},"end":{"line":96,"column":30}},"34":{"start":{"line":97,"column":2},"end":{"line":97,"column":43}},"35":{"start":{"line":99,"column":22},"end":{"line":99,"column":48}},"36":{"start":{"line":100,"column":22},"end":{"line":100,"column":86}},"37":{"start":{"line":101,"column":2},"end":{"line":105,"column":3}},"38":{"start":{"line":102,"column":4},"end":{"line":102,"column":63}},"39":{"start":{"line":104,"column":4},"end":{"line":104,"column":11}},"40":{"start":{"line":106,"column":2},"end":{"line":106,"column":62}},"41":{"start":{"line":108,"column":2},"end":{"line":108,"column":45}},"42":{"start":{"line":109,"column":33},"end":{"line":109,"column":37}},"43":{"start":{"line":110,"column":2},"end":{"line":121,"column":3}},"44":{"start":{"line":111,"column":4},"end":{"line":111,"column":58}},"45":{"start":{"line":115,"column":4},"end":{"line":119,"column":5}},"46":{"start":{"line":116,"column":6},"end":{"line":116,"column":45}},"47":{"start":{"line":118,"column":6},"end":{"line":118,"column":45}},"48":{"start":{"line":120,"column":4},"end":{"line":120,"column":21}},"49":{"start":{"line":122,"column":2},"end":{"line":122,"column":76}},"50":{"start":{"line":125,"column":23},"end":{"line":125,"column":75}},"51":{"start":{"line":126,"column":22},"end":{"line":126,"column":70}},"52":{"start":{"line":127,"column":19},"end":{"line":127,"column":49}},"53":{"start":{"line":129,"column":23},"end":{"line":129,"column":45}},"54":{"start":{"line":130,"column":32},"end":{"line":130,"column":68}},"55":{"start":{"line":133,"column":20},"end":{"line":133,"column":92}},"56":{"start":{"line":134,"column":2},"end":{"line":134,"column":58}},"57":{"start":{"line":136,"column":2},"end":{"line":136,"column":44}},"58":{"start":{"line":137,"column":2},"end":{"line":137,"column":43}},"59":{"start":{"line":140,"column":2},"end":{"line":154,"column":3}},"60":{"start":{"line":141,"column":16},"end":{"line":149,"column":null}},"61":{"start":{"line":152,"column":23},"end":{"line":152,"column":102}},"62":{"start":{"line":153,"column":4},"end":{"line":153,"column":45}},"63":{"start":{"line":156,"column":2},"end":{"line":156,"column":40}},"64":{"start":{"line":157,"column":2},"end":{"line":157,"column":41}},"65":{"start":{"line":158,"column":2},"end":{"line":158,"column":87}}},"fnMap":{"0":{"name":"logStage","decl":{"start":{"line":19,"column":9},"end":{"line":19,"column":17}},"loc":{"start":{"line":19,"column":113},"end":{"line":27,"column":1}}},"1":{"name":"computeFingerprint","decl":{"start":{"line":32,"column":9},"end":{"line":32,"column":27}},"loc":{"start":{"line":32,"column":47},"end":{"line":44,"column":1}}},"2":{"name":"passesDeduplicationCheck","decl":{"start":{"line":54,"column":22},"end":{"line":54,"column":46}},"loc":{"start":{"line":56,"column":21},"end":{"line":81,"column":1}}},"3":{"name":"(anonymous_13)","decl":{"start":{"line":58,"column":30},"end":{"line":58,"column":31}},"loc":{"start":{"line":58,"column":50},"end":{"line":80,"column":3}}},"4":{"name":"(anonymous_14)","decl":{"start":{"line":62,"column":6},"end":{"line":62,"column":7}},"loc":{"start":{"line":62,"column":24},"end":{"line":78,"column":7}}},"5":{"name":"bootstrapCarouselStudio","decl":{"start":{"line":92,"column":22},"end":{"line":92,"column":45}},"loc":{"start":{"line":92,"column":65},"end":{"line":159,"column":1}}}},"branchMap":{"0":{"loc":{"start":{"line":19,"column":82},"end":{"line":19,"column":113}},"type":"default-arg","locations":[{"start":{"line":19,"column":111},"end":{"line":19,"column":113}}]},"1":{"loc":{"start":{"line":39,"column":16},"end":{"line":39,"column":36}},"type":"binary-expr","locations":[{"start":{"line":39,"column":16},"end":{"line":39,"column":30}},{"start":{"line":39,"column":34},"end":{"line":39,"column":36}}]},"2":{"loc":{"start":{"line":40,"column":16},"end":{"line":40,"column":37}},"type":"binary-expr","locations":[{"start":{"line":40,"column":16},"end":{"line":40,"column":31}},{"start":{"line":40,"column":35},"end":{"line":40,"column":37}}]},"3":{"loc":{"start":{"line":41,"column":16},"end":{"line":41,"column":37}},"type":"binary-expr","locations":[{"start":{"line":41,"column":16},"end":{"line":41,"column":31}},{"start":{"line":41,"column":35},"end":{"line":41,"column":37}}]},"4":{"loc":{"start":{"line":63,"column":8},"end":{"line":66,"column":9}},"type":"if","locations":[{"start":{"line":63,"column":8},"end":{"line":66,"column":9}}]},"5":{"loc":{"start":{"line":101,"column":2},"end":{"line":105,"column":3}},"type":"if","locations":[{"start":{"line":101,"column":2},"end":{"line":105,"column":3}}]},"6":{"loc":{"start":{"line":115,"column":4},"end":{"line":119,"column":5}},"type":"if","locations":[{"start":{"line":115,"column":4},"end":{"line":119,"column":5}},{"start":{"line":117,"column":11},"end":{"line":119,"column":5}}]},"7":{"loc":{"start":{"line":122,"column":55},"end":{"line":122,"column":72}},"type":"binary-expr","locations":[{"start":{"line":122,"column":55},"end":{"line":122,"column":64}},{"start":{"line":122,"column":68},"end":{"line":122,"column":72}}]},"8":{"loc":{"start":{"line":129,"column":23},"end":{"line":129,"column":45}},"type":"binary-expr","locations":[{"start":{"line":129,"column":23},"end":{"line":129,"column":32}},{"start":{"line":129,"column":36},"end":{"line":129,"column":45}}]},"9":{"loc":{"start":{"line":130,"column":32},"end":{"line":130,"column":68}},"type":"cond-expr","locations":[{"start":{"line":130,"column":55},"end":{"line":130,"column":56}},{"start":{"line":130,"column":59},"end":{"line":130,"column":68}}]}},"s":{"0":2,"1":2,"2":2,"3":2,"4":2,"5":2,"6":2,"7":2,"8":2,"9":2,"10":2,"11":2,"12":9,"13":1,"14":1,"15":1,"16":3,"17":3,"18":3,"19":3,"20":3,"21":1,"22":6,"23":6,"24":6,"25":1,"26":1,"27":5,"28":5,"29":1,"30":1,"31":4,"32":3,"33":1,"34":1,"35":1,"36":1,"37":1,"38":0,"39":0,"40":1,"41":1,"42":1,"43":1,"44":1,"45":0,"46":0,"47":0,"48":0,"49":1,"50":1,"51":1,"52":1,"53":1,"54":1,"55":1,"56":1,"57":1,"58":1,"59":1,"60":3,"61":3,"62":3,"63":1,"64":1,"65":1},"f":{"0":9,"1":1,"2":6,"3":6,"4":6,"5":3},"b":{"0":[6],"1":[3,0],"2":[3,2],"3":[3,2],"4":[1],"5":[0],"6":[0,0],"7":[1,1],"8":[1,1],"9":[1,0]}}
,"/Users/gio/projects/jeanethS/Carousel-studio/src/contracts/routed_job.ts": {"path":"/Users/gio/projects/jeanethS/Carousel-studio/src/contracts/routed_job.ts","statementMap":{"0":{"start":{"line":1,"column":0},"end":{"line":1,"column":24}},"1":{"start":{"line":11,"column":13},"end":{"line":17,"column":3}},"2":{"start":{"line":19,"column":13},"end":{"line":29,"column":3}}},"fnMap":{},"branchMap":{},"s":{"0":3,"1":3,"2":3},"f":{},"b":{}}
,"/Users/gio/projects/jeanethS/Carousel-studio/src/photos/matcher.ts": {"path":"/Users/gio/projects/jeanethS/Carousel-studio/src/photos/matcher.ts","statementMap":{"0":{"start":{"line":7,"column":0},"end":{"line":7,"column":7}},"1":{"start":{"line":1,"column":0},"end":{"line":1,"column":59}},"2":{"start":{"line":2,"column":0},"end":{"line":2,"column":44}},"3":{"start":{"line":3,"column":0},"end":{"line":3,"column":37}},"4":{"start":{"line":5,"column":25},"end":{"line":5,"column":84}},"5":{"start":{"line":8,"column":17},"end":{"line":8,"column":43}},"6":{"start":{"line":9,"column":2},"end":{"line":11,"column":3}},"7":{"start":{"line":10,"column":4},"end":{"line":10,"column":70}},"8":{"start":{"line":13,"column":16},"end":{"line":13,"column":46}},"9":{"start":{"line":14,"column":16},"end":{"line":14,"column":71}},"10":{"start":{"line":16,"column":28},"end":{"line":16,"column":83}},"11":{"start":{"line":18,"column":2},"end":{"line":30,"column":3}},"12":{"start":{"line":19,"column":20},"end":{"line":19,"column":52}},"13":{"start":{"line":20,"column":4},"end":{"line":26,"column":81}},"14":{"start":{"line":22,"column":25},"end":{"line":22,"column":55}},"15":{"start":{"line":23,"column":22},"end":{"line":23,"column":42}},"16":{"start":{"line":24,"column":8},"end":{"line":24,"column":48}},"17":{"start":{"line":26,"column":24},"end":{"line":26,"column":79}},"18":{"start":{"line":26,"column":65},"end":{"line":26,"column":78}},"19":{"start":{"line":29,"column":4},"end":{"line":29,"column":16}},"20":{"start":{"line":33,"column":21},"end":{"line":36,"column":4}},"21":{"start":{"line":34,"column":16},"end":{"line":34,"column":43}},"22":{"start":{"line":35,"column":4},"end":{"line":35,"column":37}},"23":{"start":{"line":38,"column":2},"end":{"line":40,"column":3}},"24":{"start":{"line":39,"column":4},"end":{"line":39,"column":16}},"25":{"start":{"line":42,"column":32},"end":{"line":42,"column":36}},"26":{"start":{"line":43,"column":18},"end":{"line":43,"column":20}},"27":{"start":{"line":45,"column":2},"end":{"line":101,"column":3}},"28":{"start":{"line":46,"column":4},"end":{"line":100,"column":5}},"29":{"start":{"line":51,"column":27},"end":{"line":51,"column":54}},"30":{"start":{"line":52,"column":26},"end":{"line":52,"column":51}},"31":{"start":{"line":53,"column":26},"end":{"line":53,"column":56}},"32":{"start":{"line":56,"column":18},"end":{"line":56,"column":50}},"33":{"start":{"line":58,"column":6},"end":{"line":77,"column":7}},"34":{"start":{"line":61,"column":10},"end":{"line":61,"column":34}},"35":{"start":{"line":62,"column":10},"end":{"line":62,"column":16}},"36":{"start":{"line":64,"column":10},"end":{"line":64,"column":33}},"37":{"start":{"line":65,"column":10},"end":{"line":65,"column":16}},"38":{"start":{"line":67,"column":10},"end":{"line":67,"column":34}},"39":{"start":{"line":68,"column":10},"end":{"line":68,"column":16}},"40":{"start":{"line":70,"column":10},"end":{"line":70,"column":33}},"41":{"start":{"line":71,"column":10},"end":{"line":71,"column":16}},"42":{"start":{"line":73,"column":10},"end":{"line":73,"column":33}},"43":{"start":{"line":74,"column":10},"end":{"line":74,"column":16}},"44":{"start":{"line":76,"column":10},"end":{"line":76,"column":48}},"45":{"start":{"line":79,"column":21},"end":{"line":87,"column":8}},"46":{"start":{"line":88,"column":23},"end":{"line":88,"column":44}},"47":{"start":{"line":89,"column":19},"end":{"line":89,"column":34}},"48":{"start":{"line":90,"column":20},"end":{"line":90,"column":45}},"49":{"start":{"line":92,"column":6},"end":{"line":95,"column":7}},"50":{"start":{"line":93,"column":8},"end":{"line":93,"column":26}},"51":{"start":{"line":94,"column":8},"end":{"line":94,"column":29}},"52":{"start":{"line":98,"column":6},"end":{"line":98,"column":67}},"53":{"start":{"line":99,"column":6},"end":{"line":99,"column":15}},"54":{"start":{"line":103,"column":2},"end":{"line":103,"column":43}}},"fnMap":{"0":{"name":"findBestPhotoForTopic","decl":{"start":{"line":7,"column":22},"end":{"line":7,"column":43}},"loc":{"start":{"line":7,"column":57},"end":{"line":104,"column":1}}},"1":{"name":"(anonymous_10)","decl":{"start":{"line":21,"column":18},"end":{"line":21,"column":23}},"loc":{"start":{"line":21,"column":34},"end":{"line":25,"column":7}}},"2":{"name":"(anonymous_11)","decl":{"start":{"line":26,"column":11},"end":{"line":26,"column":12}},"loc":{"start":{"line":26,"column":24},"end":{"line":26,"column":79}}},"3":{"name":"(anonymous_12)","decl":{"start":{"line":26,"column":39},"end":{"line":26,"column":40}},"loc":{"start":{"line":26,"column":65},"end":{"line":26,"column":78}}},"4":{"name":"(anonymous_13)","decl":{"start":{"line":33,"column":34},"end":{"line":33,"column":35}},"loc":{"start":{"line":33,"column":43},"end":{"line":36,"column":3}}},"5":{"name":"(anonymous_14)","decl":{"start":{"line":51,"column":27},"end":{"line":51,"column":40}},"loc":{"start":{"line":51,"column":27},"end":{"line":51,"column":54}}}},"branchMap":{"0":{"loc":{"start":{"line":9,"column":2},"end":{"line":11,"column":3}},"type":"if","locations":[{"start":{"line":9,"column":2},"end":{"line":11,"column":3}}]},"1":{"loc":{"start":{"line":24,"column":15},"end":{"line":24,"column":47}},"type":"cond-expr","locations":[{"start":{"line":24,"column":32},"end":{"line":24,"column":40}},{"start":{"line":24,"column":43},"end":{"line":24,"column":47}}]},"2":{"loc":{"start":{"line":38,"column":2},"end":{"line":40,"column":3}},"type":"if","locations":[{"start":{"line":38,"column":2},"end":{"line":40,"column":3}}]},"3":{"loc":{"start":{"line":58,"column":6},"end":{"line":77,"column":7}},"type":"switch","locations":[{"start":{"line":59,"column":8},"end":{"line":59,"column":20}},{"start":{"line":60,"column":8},"end":{"line":62,"column":16}},{"start":{"line":63,"column":8},"end":{"line":65,"column":16}},{"start":{"line":66,"column":8},"end":{"line":68,"column":16}},{"start":{"line":69,"column":8},"end":{"line":71,"column":16}},{"start":{"line":72,"column":8},"end":{"line":74,"column":16}},{"start":{"line":75,"column":8},"end":{"line":76,"column":48}}]},"4":{"loc":{"start":{"line":92,"column":6},"end":{"line":95,"column":7}},"type":"if","locations":[{"start":{"line":92,"column":6},"end":{"line":95,"column":7}}]},"5":{"loc":{"start":{"line":92,"column":10},"end":{"line":92,"column":59}},"type":"binary-expr","locations":[{"start":{"line":92,"column":10},"end":{"line":92,"column":23}},{"start":{"line":92,"column":27},"end":{"line":92,"column":38}},{"start":{"line":92,"column":42},"end":{"line":92,"column":59}}]},"6":{"loc":{"start":{"line":103,"column":9},"end":{"line":103,"column":42}},"type":"cond-expr","locations":[{"start":{"line":103,"column":27},"end":{"line":103,"column":35}},{"start":{"line":103,"column":38},"end":{"line":103,"column":42}}]}},"s":{"0":3,"1":3,"2":3,"3":3,"4":3,"5":7,"6":7,"7":0,"8":7,"9":7,"10":7,"11":7,"12":7,"13":6,"14":8,"15":8,"16":8,"17":6,"18":8,"19":1,"20":6,"21":8,"22":8,"23":6,"24":2,"25":4,"26":4,"27":4,"28":6,"29":12,"30":6,"31":5,"32":5,"33":5,"34":3,"35":3,"36":2,"37":2,"38":0,"39":0,"40":0,"41":0,"42":0,"43":0,"44":0,"45":5,"46":4,"47":4,"48":4,"49":4,"50":3,"51":3,"52":2,"53":2,"54":4},"f":{"0":7,"1":8,"2":6,"3":8,"4":8,"5":6},"b":{"0":[0],"1":[8,0],"2":[2],"3":[3,3,2,0,0,0,0],"4":[3],"5":[4,4,3],"6":[2,2]}}
,"/Users/gio/projects/jeanethS/Carousel-studio/src/render/satori.ts": {"path":"/Users/gio/projects/jeanethS/Carousel-studio/src/render/satori.ts","statementMap":{"0":{"start":{"line":14,"column":0},"end":{"line":14,"column":7}},"1":{"start":{"line":2,"column":0},"end":{"line":2,"column":46}},"2":{"start":{"line":3,"column":0},"end":{"line":3,"column":28}},"3":{"start":{"line":6,"column":77},"end":{"line":6,"column":81}},"4":{"start":{"line":7,"column":0},"end":{"line":12,"column":1}},"5":{"start":{"line":9,"column":2},"end":{"line":9,"column":58}},"6":{"start":{"line":18,"column":2},"end":{"line":44,"column":3}},"7":{"start":{"line":19,"column":20},"end":{"line":19,"column":58}},"8":{"start":{"line":20,"column":24},"end":{"line":20,"column":58}},"9":{"start":{"line":21,"column":21},"end":{"line":21,"column":52}},"10":{"start":{"line":23,"column":88},"end":{"line":23,"column":90}},"11":{"start":{"line":25,"column":4},"end":{"line":27,"column":5}},"12":{"start":{"line":26,"column":6},"end":{"line":26,"column":99}},"13":{"start":{"line":28,"column":4},"end":{"line":30,"column":5}},"14":{"start":{"line":29,"column":6},"end":{"line":29,"column":96}},"15":{"start":{"line":32,"column":4},"end":{"line":43,"column":5}},"16":{"start":{"line":33,"column":6},"end":{"line":42,"column":7}},"17":{"start":{"line":34,"column":20},"end":{"line":38,"column":10}},"18":{"start":{"line":39,"column":8},"end":{"line":39,"column":19}},"19":{"start":{"line":41,"column":8},"end":{"line":41,"column":84}},"20":{"start":{"line":47,"column":2},"end":{"line":50,"column":10}}},"fnMap":{"0":{"name":"renderTemplateToSvg","decl":{"start":{"line":14,"column":22},"end":{"line":14,"column":41}},"loc":{"start":{"line":16,"column":47},"end":{"line":51,"column":1}}}},"branchMap":{"0":{"loc":{"start":{"line":9,"column":11},"end":{"line":9,"column":57}},"type":"binary-expr","locations":[{"start":{"line":9,"column":11},"end":{"line":9,"column":36}},{"start":{"line":9,"column":40},"end":{"line":9,"column":57}}]},"1":{"loc":{"start":{"line":18,"column":2},"end":{"line":44,"column":3}},"type":"if","locations":[{"start":{"line":18,"column":2},"end":{"line":44,"column":3}}]},"2":{"loc":{"start":{"line":25,"column":4},"end":{"line":27,"column":5}},"type":"if","locations":[{"start":{"line":25,"column":4},"end":{"line":27,"column":5}}]},"3":{"loc":{"start":{"line":28,"column":4},"end":{"line":30,"column":5}},"type":"if","locations":[{"start":{"line":28,"column":4},"end":{"line":30,"column":5}}]},"4":{"loc":{"start":{"line":32,"column":4},"end":{"line":43,"column":5}},"type":"if","locations":[{"start":{"line":32,"column":4},"end":{"line":43,"column":5}}]}},"s":{"0":2,"1":2,"2":2,"3":2,"4":2,"5":2,"6":3,"7":3,"8":3,"9":3,"10":3,"11":3,"12":3,"13":3,"14":3,"15":3,"16":3,"17":3,"18":0,"19":3,"20":3},"f":{"0":3},"b":{"0":[2,0],"1":[3],"2":[3],"3":[3],"4":[3]}}
,"/Users/gio/projects/jeanethS/Carousel-studio/src/render/sharp.ts": {"path":"/Users/gio/projects/jeanethS/Carousel-studio/src/render/sharp.ts","statementMap":{"0":{"start":{"line":4,"column":0},"end":{"line":4,"column":7}},"1":{"start":{"line":1,"column":0},"end":{"line":1,"column":26}},"2":{"start":{"line":5,"column":2},"end":{"line":7,"column":24}}},"fnMap":{"0":{"name":"rasterizeSvgToPng","decl":{"start":{"line":4,"column":22},"end":{"line":4,"column":39}},"loc":{"start":{"line":4,"column":71},"end":{"line":8,"column":1}}}},"branchMap":{},"s":{"0":2,"1":2,"2":3},"f":{"0":3},"b":{}}
,"/Users/gio/projects/jeanethS/Carousel-studio/src/templates/instagram/slide.tsx": {"path":"/Users/gio/projects/jeanethS/Carousel-studio/src/templates/instagram/slide.tsx","statementMap":{"0":{"start":{"line":88,"column":0},"end":{"line":88,"column":16}},"1":{"start":{"line":56,"column":43},"end":{"line":61,"column":2}},"2":{"start":{"line":63,"column":41},"end":{"line":69,"column":2}},"3":{"start":{"line":71,"column":41},"end":{"line":77,"column":2}},"4":{"start":{"line":79,"column":40},"end":{"line":84,"column":2}},"5":{"start":{"line":94,"column":80},"end":{"line":94,"column":86}},"6":{"start":{"line":95,"column":55},"end":{"line":95,"column":60}},"7":{"start":{"line":98,"column":47},"end":{"line":107,"column":8}},"8":{"start":{"line":110,"column":39},"end":{"line":115,"column":4}},"9":{"start":{"line":117,"column":2},"end":{"line":241,"column":4}},"10":{"start":{"line":244,"column":0},"end":{"line":244,"column":30}}},"fnMap":{"0":{"name":"InstagramSlide","decl":{"start":{"line":88,"column":16},"end":{"line":88,"column":30}},"loc":{"start":{"line":93,"column":22},"end":{"line":242,"column":1}}}},"branchMap":{"0":{"loc":{"start":{"line":92,"column":2},"end":{"line":92,"column":27}},"type":"default-arg","locations":[{"start":{"line":92,"column":26},"end":{"line":92,"column":27}}]},"1":{"loc":{"start":{"line":98,"column":47},"end":{"line":107,"column":8}},"type":"cond-expr","locations":[{"start":{"line":99,"column":6},"end":{"line":103,"column":null}},{"start":{"line":104,"column":6},"end":{"line":107,"column":8}}]},"2":{"loc":{"start":{"line":112,"column":21},"end":{"line":114,"column":21}},"type":"cond-expr","locations":[{"start":{"line":113,"column":8},"end":{"line":113,"column":42}},{"start":{"line":114,"column":8},"end":{"line":114,"column":21}}]},"3":{"loc":{"start":{"line":128,"column":7},"end":{"line":128,"column":46}},"type":"binary-expr","locations":[{"start":{"line":128,"column":7},"end":{"line":128,"column":19}},{"start":{"line":128,"column":23},"end":{"line":128,"column":46}}]},"4":{"loc":{"start":{"line":135,"column":26},"end":{"line":135,"column":61}},"type":"cond-expr","locations":[{"start":{"line":135,"column":38},"end":{"line":135,"column":50}},{"start":{"line":135,"column":53},"end":{"line":135,"column":61}}]},"5":{"loc":{"start":{"line":145,"column":26},"end":{"line":145,"column":56}},"type":"cond-expr","locations":[{"start":{"line":145,"column":50},"end":{"line":145,"column":52}},{"start":{"line":145,"column":55},"end":{"line":145,"column":56}}]},"6":{"loc":{"start":{"line":145,"column":26},"end":{"line":145,"column":47}},"type":"binary-expr","locations":[{"start":{"line":145,"column":26},"end":{"line":145,"column":34}},{"start":{"line":145,"column":38},"end":{"line":145,"column":47}}]},"7":{"loc":{"start":{"line":157,"column":9},"end":{"line":168,"column":null}},"type":"binary-expr","locations":[{"start":{"line":157,"column":9},"end":{"line":157,"column":18}},{"start":{"line":158,"column":10},"end":{"line":167,"column":null}}]},"8":{"loc":{"start":{"line":164,"column":28},"end":{"line":164,"column":45}},"type":"cond-expr","locations":[{"start":{"line":164,"column":39},"end":{"line":164,"column":41}},{"start":{"line":164,"column":44},"end":{"line":164,"column":45}}]},"9":{"loc":{"start":{"line":172,"column":9},"end":{"line":186,"column":null}},"type":"binary-expr","locations":[{"start":{"line":172,"column":9},"end":{"line":172,"column":17}},{"start":{"line":173,"column":10},"end":{"line":185,"column":null}}]},"10":{"loc":{"start":{"line":190,"column":9},"end":{"line":216,"column":null}},"type":"binary-expr","locations":[{"start":{"line":190,"column":9},"end":{"line":190,"column":18}},{"start":{"line":191,"column":10},"end":{"line":215,"column":null}}]},"11":{"loc":{"start":{"line":220,"column":9},"end":{"line":237,"column":null}},"type":"binary-expr","locations":[{"start":{"line":220,"column":9},"end":{"line":220,"column":19}},{"start":{"line":221,"column":10},"end":{"line":236,"column":null}}]}},"s":{"0":3,"1":3,"2":3,"3":3,"4":3,"5":7,"6":7,"7":7,"8":7,"9":7,"10":3},"f":{"0":7},"b":{"0":[7],"1":[1,6],"2":[1,6],"3":[7,1],"4":[2,5],"5":[6,1],"6":[7,2],"7":[7,2],"8":[1,1],"9":[7,5],"10":[7,2],"11":[7,5]}}
,"/Users/gio/projects/jeanethS/Carousel-studio/src/templates/linkedin/slide.tsx": {"path":"/Users/gio/projects/jeanethS/Carousel-studio/src/templates/linkedin/slide.tsx","statementMap":{"0":{"start":{"line":76,"column":0},"end":{"line":76,"column":16}},"1":{"start":{"line":52,"column":43},"end":{"line":57,"column":2}},"2":{"start":{"line":59,"column":41},"end":{"line":65,"column":2}},"3":{"start":{"line":67,"column":40},"end":{"line":72,"column":2}},"4":{"start":{"line":80,"column":64},"end":{"line":80,"column":70}},"5":{"start":{"line":81,"column":68},"end":{"line":81,"column":73}},"6":{"start":{"line":83,"column":2},"end":{"line":202,"column":4}},"7":{"start":{"line":205,"column":0},"end":{"line":205,"column":29}}},"fnMap":{"0":{"name":"LinkedInSlide","decl":{"start":{"line":76,"column":16},"end":{"line":76,"column":29}},"loc":{"start":{"line":79,"column":21},"end":{"line":203,"column":1}}}},"branchMap":{"0":{"loc":{"start":{"line":97,"column":26},"end":{"line":97,"column":61}},"type":"cond-expr","locations":[{"start":{"line":97,"column":38},"end":{"line":97,"column":50}},{"start":{"line":97,"column":53},"end":{"line":97,"column":61}}]},"1":{"loc":{"start":{"line":107,"column":26},"end":{"line":107,"column":56}},"type":"cond-expr","locations":[{"start":{"line":107,"column":50},"end":{"line":107,"column":52}},{"start":{"line":107,"column":55},"end":{"line":107,"column":56}}]},"2":{"loc":{"start":{"line":107,"column":26},"end":{"line":107,"column":47}},"type":"binary-expr","locations":[{"start":{"line":107,"column":26},"end":{"line":107,"column":34}},{"start":{"line":107,"column":38},"end":{"line":107,"column":47}}]},"3":{"loc":{"start":{"line":118,"column":9},"end":{"line":129,"column":null}},"type":"binary-expr","locations":[{"start":{"line":118,"column":9},"end":{"line":118,"column":18}},{"start":{"line":119,"column":10},"end":{"line":128,"column":null}}]},"4":{"loc":{"start":{"line":125,"column":28},"end":{"line":125,"column":45}},"type":"cond-expr","locations":[{"start":{"line":125,"column":39},"end":{"line":125,"column":41}},{"start":{"line":125,"column":44},"end":{"line":125,"column":45}}]},"5":{"loc":{"start":{"line":133,"column":9},"end":{"line":147,"column":null}},"type":"binary-expr","locations":[{"start":{"line":133,"column":9},"end":{"line":133,"column":17}},{"start":{"line":134,"column":10},"end":{"line":146,"column":null}}]},"6":{"loc":{"start":{"line":151,"column":9},"end":{"line":177,"column":null}},"type":"binary-expr","locations":[{"start":{"line":151,"column":9},"end":{"line":151,"column":18}},{"start":{"line":152,"column":10},"end":{"line":176,"column":null}}]},"7":{"loc":{"start":{"line":181,"column":9},"end":{"line":198,"column":null}},"type":"binary-expr","locations":[{"start":{"line":181,"column":9},"end":{"line":181,"column":19}},{"start":{"line":182,"column":10},"end":{"line":197,"column":null}}]}},"s":{"0":1,"1":1,"2":1,"3":1,"4":6,"5":6,"6":6,"7":1},"f":{"0":6},"b":{"0":[2,4],"1":[5,1],"2":[6,2],"3":[6,2],"4":[1,1],"5":[6,4],"6":[6,2],"7":[6,4]}}
}
