TN:
SF:src/index.tsx
FN:19,logStage
FN:32,computeFingerprint
FN:54,passesDeduplicationCheck
FN:58,(anonymous_13)
FN:62,(anonymous_14)
FN:92,bootstrapCarouselStudio
FNF:6
FNH:6
FNDA:9,logStage
FNDA:1,computeFingerprint
FNDA:6,passesDeduplicationCheck
FNDA:6,(anonymous_13)
FNDA:6,(anonymous_14)
FNDA:3,bootstrapCarouselStudio
DA:1,2
DA:2,2
DA:3,2
DA:4,2
DA:5,2
DA:6,2
DA:7,2
DA:8,2
DA:9,2
DA:11,2
DA:20,9
DA:33,1
DA:35,1
DA:36,1
DA:37,3
DA:38,3
DA:39,3
DA:40,3
DA:41,3
DA:43,1
DA:54,2
DA:58,6
DA:59,6
DA:63,6
DA:64,1
DA:65,1
DA:69,5
DA:70,5
DA:72,1
DA:73,1
DA:77,4
DA:92,2
DA:94,3
DA:96,1
DA:97,1
DA:99,1
DA:100,1
DA:101,1
DA:102,0
DA:104,0
DA:106,1
DA:108,1
DA:109,1
DA:110,1
DA:111,1
DA:115,0
DA:116,0
DA:118,0
DA:120,0
DA:122,1
DA:125,1
DA:126,1
DA:127,1
DA:129,1
DA:130,1
DA:133,1
DA:134,1
DA:136,1
DA:137,1
DA:140,1
DA:141,3
DA:152,3
DA:153,3
DA:156,1
DA:157,1
DA:158,1
LF:66
LH:60
BRDA:19,0,0,6
BRDA:39,1,0,3
BRDA:39,1,1,0
BRDA:40,2,0,3
BRDA:40,2,1,2
BRDA:41,3,0,3
BRDA:41,3,1,2
BRDA:63,4,0,1
BRDA:101,5,0,0
BRDA:115,6,0,0
BRDA:115,6,1,0
BRDA:122,7,0,1
BRDA:122,7,1,1
BRDA:129,8,0,1
BRDA:129,8,1,1
BRDA:130,9,0,1
BRDA:130,9,1,0
BRF:17
BRH:12
end_of_record
TN:
SF:src/contracts/routed_job.ts
FNF:0
FNH:0
DA:1,3
DA:11,3
DA:19,3
LF:3
LH:3
BRF:0
BRH:0
end_of_record
TN:
SF:src/photos/matcher.ts
FN:7,findBestPhotoForTopic
FN:21,(anonymous_10)
FN:26,(anonymous_11)
FN:26,(anonymous_12)
FN:33,(anonymous_13)
FN:51,(anonymous_14)
FNF:6
FNH:6
FNDA:7,findBestPhotoForTopic
FNDA:8,(anonymous_10)
FNDA:6,(anonymous_11)
FNDA:8,(anonymous_12)
FNDA:8,(anonymous_13)
FNDA:6,(anonymous_14)
DA:1,3
DA:2,3
DA:3,3
DA:5,3
DA:7,3
DA:8,7
DA:9,7
DA:10,0
DA:13,7
DA:14,7
DA:16,7
DA:18,7
DA:19,7
DA:20,6
DA:22,8
DA:23,8
DA:24,8
DA:26,8
DA:29,1
DA:33,6
DA:34,8
DA:35,8
DA:38,6
DA:39,2
DA:42,4
DA:43,4
DA:45,4
DA:46,6
DA:51,12
DA:52,6
DA:53,5
DA:56,5
DA:58,5
DA:61,3
DA:62,3
DA:64,2
DA:65,2
DA:67,0
DA:68,0
DA:70,0
DA:71,0
DA:73,0
DA:74,0
DA:76,0
DA:79,5
DA:88,4
DA:89,4
DA:90,4
DA:92,4
DA:93,3
DA:94,3
DA:98,2
DA:99,2
DA:103,4
LF:54
LH:46
BRDA:9,0,0,0
BRDA:24,1,0,8
BRDA:24,1,1,0
BRDA:38,2,0,2
BRDA:58,3,0,3
BRDA:58,3,1,3
BRDA:58,3,2,2
BRDA:58,3,3,0
BRDA:58,3,4,0
BRDA:58,3,5,0
BRDA:58,3,6,0
BRDA:92,4,0,3
BRDA:92,5,0,4
BRDA:92,5,1,4
BRDA:92,5,2,3
BRDA:103,6,0,2
BRDA:103,6,1,2
BRF:17
BRH:11
end_of_record
TN:
SF:src/render/satori.ts
FN:14,renderTemplateToSvg
FNF:1
FNH:1
FNDA:3,renderTemplateToSvg
DA:2,2
DA:3,2
DA:6,2
DA:7,2
DA:9,2
DA:14,2
DA:18,3
DA:19,3
DA:20,3
DA:21,3
DA:23,3
DA:25,3
DA:26,3
DA:28,3
DA:29,3
DA:32,3
DA:33,3
DA:34,3
DA:39,0
DA:41,3
DA:47,3
LF:21
LH:20
BRDA:9,0,0,2
BRDA:9,0,1,0
BRDA:18,1,0,3
BRDA:25,2,0,3
BRDA:28,3,0,3
BRDA:32,4,0,3
BRF:6
BRH:5
end_of_record
TN:
SF:src/render/sharp.ts
FN:4,rasterizeSvgToPng
FNF:1
FNH:1
FNDA:3,rasterizeSvgToPng
DA:1,2
DA:4,2
DA:5,3
LF:3
LH:3
BRF:0
BRH:0
end_of_record
TN:
SF:src/templates/instagram/slide.tsx
FN:88,InstagramSlide
FNF:1
FNH:1
FNDA:7,InstagramSlide
DA:56,3
DA:63,3
DA:71,3
DA:79,3
DA:88,3
DA:94,7
DA:95,7
DA:98,7
DA:110,7
DA:117,7
DA:244,3
LF:11
LH:11
BRDA:92,0,0,7
BRDA:98,1,0,1
BRDA:98,1,1,6
BRDA:112,2,0,1
BRDA:112,2,1,6
BRDA:128,3,0,7
BRDA:128,3,1,1
BRDA:135,4,0,2
BRDA:135,4,1,5
BRDA:145,5,0,6
BRDA:145,5,1,1
BRDA:145,6,0,7
BRDA:145,6,1,2
BRDA:157,7,0,7
BRDA:157,7,1,2
BRDA:164,8,0,1
BRDA:164,8,1,1
BRDA:172,9,0,7
BRDA:172,9,1,5
BRDA:190,10,0,7
BRDA:190,10,1,2
BRDA:220,11,0,7
BRDA:220,11,1,5
BRF:23
BRH:23
end_of_record
TN:
SF:src/templates/linkedin/slide.tsx
FN:76,LinkedInSlide
FNF:1
FNH:1
FNDA:6,LinkedInSlide
DA:52,1
DA:59,1
DA:67,1
DA:76,1
DA:80,6
DA:81,6
DA:83,6
DA:205,1
LF:8
LH:8
BRDA:97,0,0,2
BRDA:97,0,1,4
BRDA:107,1,0,5
BRDA:107,1,1,1
BRDA:107,2,0,6
BRDA:107,2,1,2
BRDA:118,3,0,6
BRDA:118,3,1,2
BRDA:125,4,0,1
BRDA:125,4,1,1
BRDA:133,5,0,6
BRDA:133,5,1,4
BRDA:151,6,0,6
BRDA:151,6,1,2
BRDA:181,7,0,6
BRDA:181,7,1,4
BRF:16
BRH:16
end_of_record
